{"uuid":"8c559835-28ff-4471-a2e4-37145033b2ed","historyId":"784bd4fea2c202995d27d22bbefac52e","fullName":"To validate Search by Revenue: Logout the application","labels":[{"name":"tag","value":"First"},{"name":"tag","value":"Sanity"},{"name":"host","value":"Yogesh"},{"name":"thread","value":"19612@Yogesh.main(1)"},{"name":"feature","value":"To validate Search by Revenue"},{"name":"story","value":"Logout the application"},{"name":"suite","value":"To validate Search by Revenue"},{"name":"testClass","value":"Logout the application"},{"name":"framework","value":"cucumber4jvm"},{"name":"language","value":"java"},{"name":"gherkin_uri","value":"file:TC_14_Search_By_Revenue.feature"},{"name":"package","value":"TC_14_Search_By_Revenue_feature.To validate Search by Revenue"}],"links":[],"name":"Logout the application","status":"broken","statusDetails":{"known":false,"muted":false,"flaky":false,"message":"element click intercepted: Element <span _ngcontent-sgb-c150=\"\" dropdowntoggle=\"\" class=\"welcome-anchor-color text-decoration-none\" aria-haspopup=\"true\" aria-expanded=\"false\">...</span> is not clickable at point (1426, 37). Other element would receive the click: <modal-container role=\"dialog\" tabindex=\"-1\" class=\"modal fade show\" style=\"display: block;\" aria-modal=\"true\">...</modal-container>\n  (Session info: chrome=110.0.5481.96)\nBuild info: version: '3.141.59', revision: 'e82be7d358', time: '2018-11-14T08:17:03'\nSystem info: host: 'YOGESH', ip: '172.16.17.18', os.name: 'Windows 11', os.arch: 'amd64', os.version: '10.0', java.version: '18.0.1.1'\nDriver info: org.openqa.selenium.chrome.ChromeDriver\nCapabilities {acceptInsecureCerts: false, browserName: chrome, browserVersion: 110.0.5481.96, chrome: {chromedriverVersion: 110.0.5481.77 (65ed616c6e8e..., userDataDir: C:\\Users\\Astegic\\AppData\\Lo...}, goog:chromeOptions: {debuggerAddress: localhost:64945}, javascriptEnabled: true, networkConnectionEnabled: false, pageLoadStrategy: normal, platform: WINDOWS, platformName: WINDOWS, proxy: Proxy(), setWindowRect: true, strictFileInteractability: false, timeouts: {implicit: 0, pageLoad: 300000, script: 30000}, unhandledPromptBehavior: dismiss and notify, webauthn:extension:credBlob: true, webauthn:extension:largeBlob: true, webauthn:virtualAuthenticators: true}\nSession ID: 127e0008b093240d0d2d57d4a2171ce9","trace":"org.openqa.selenium.ElementClickInterceptedException: element click intercepted: Element <span _ngcontent-sgb-c150=\"\" dropdowntoggle=\"\" class=\"welcome-anchor-color text-decoration-none\" aria-haspopup=\"true\" aria-expanded=\"false\">...</span> is not clickable at point (1426, 37). Other element would receive the click: <modal-container role=\"dialog\" tabindex=\"-1\" class=\"modal fade show\" style=\"display: block;\" aria-modal=\"true\">...</modal-container>\n  (Session info: chrome=110.0.5481.96)\nBuild info: version: '3.141.59', revision: 'e82be7d358', time: '2018-11-14T08:17:03'\nSystem info: host: 'YOGESH', ip: '172.16.17.18', os.name: 'Windows 11', os.arch: 'amd64', os.version: '10.0', java.version: '18.0.1.1'\nDriver info: org.openqa.selenium.chrome.ChromeDriver\nCapabilities {acceptInsecureCerts: false, browserName: chrome, browserVersion: 110.0.5481.96, chrome: {chromedriverVersion: 110.0.5481.77 (65ed616c6e8e..., userDataDir: C:\\Users\\Astegic\\AppData\\Lo...}, goog:chromeOptions: {debuggerAddress: localhost:64945}, javascriptEnabled: true, networkConnectionEnabled: false, pageLoadStrategy: normal, platform: WINDOWS, platformName: WINDOWS, proxy: Proxy(), setWindowRect: true, strictFileInteractability: false, timeouts: {implicit: 0, pageLoad: 300000, script: 30000}, unhandledPromptBehavior: dismiss and notify, webauthn:extension:credBlob: true, webauthn:extension:largeBlob: true, webauthn:virtualAuthenticators: true}\nSession ID: 127e0008b093240d0d2d57d4a2171ce9\r\n\tat java.base/jdk.internal.reflect.DirectConstructorHandleAccessor.newInstance(DirectConstructorHandleAccessor.java:67)\r\n\tat java.base/java.lang.reflect.Constructor.newInstanceWithCaller(Constructor.java:499)\r\n\tat java.base/java.lang.reflect.Constructor.newInstance(Constructor.java:483)\r\n\tat org.openqa.selenium.remote.http.W3CHttpResponseCodec.createException(W3CHttpResponseCodec.java:187)\r\n\tat org.openqa.selenium.remote.http.W3CHttpResponseCodec.decode(W3CHttpResponseCodec.java:122)\r\n\tat org.openqa.selenium.remote.http.W3CHttpResponseCodec.decode(W3CHttpResponseCodec.java:49)\r\n\tat org.openqa.selenium.remote.HttpCommandExecutor.execute(HttpCommandExecutor.java:158)\r\n\tat org.openqa.selenium.remote.service.DriverCommandExecutor.execute(DriverCommandExecutor.java:83)\r\n\tat org.openqa.selenium.remote.RemoteWebDriver.execute(RemoteWebDriver.java:552)\r\n\tat org.openqa.selenium.remote.RemoteWebElement.execute(RemoteWebElement.java:285)\r\n\tat org.openqa.selenium.remote.RemoteWebElement.click(RemoteWebElement.java:84)\r\n\tat java.base/jdk.internal.reflect.DirectMethodHandleAccessor.invoke(DirectMethodHandleAccessor.java:104)\r\n\tat java.base/java.lang.reflect.Method.invoke(Method.java:577)\r\n\tat org.openqa.selenium.support.pagefactory.internal.LocatingElementHandler.invoke(LocatingElementHandler.java:51)\r\n\tat jdk.proxy2/jdk.proxy2.$Proxy26.click(Unknown Source)\r\n\tat org.base.Global.clickButton(Global.java:67)\r\n\tat org.stepdefinition.Steps.I_click_welcome_Logout(Steps.java:5060)\r\n\tat ✽.Click On Setting Options(file:TC_14_Search_By_Revenue.feature:25)\r\n"},"stage":"finished","steps":[{"name":"When  Click On Setting Options","status":"broken","statusDetails":{"known":false,"muted":false,"flaky":false,"message":"element click intercepted: Element <span _ngcontent-sgb-c150=\"\" dropdowntoggle=\"\" class=\"welcome-anchor-color text-decoration-none\" aria-haspopup=\"true\" aria-expanded=\"false\">...</span> is not clickable at point (1426, 37). Other element would receive the click: <modal-container role=\"dialog\" tabindex=\"-1\" class=\"modal fade show\" style=\"display: block;\" aria-modal=\"true\">...</modal-container>\n  (Session info: chrome=110.0.5481.96)\nBuild info: version: '3.141.59', revision: 'e82be7d358', time: '2018-11-14T08:17:03'\nSystem info: host: 'YOGESH', ip: '172.16.17.18', os.name: 'Windows 11', os.arch: 'amd64', os.version: '10.0', java.version: '18.0.1.1'\nDriver info: org.openqa.selenium.chrome.ChromeDriver\nCapabilities {acceptInsecureCerts: false, browserName: chrome, browserVersion: 110.0.5481.96, chrome: {chromedriverVersion: 110.0.5481.77 (65ed616c6e8e..., userDataDir: C:\\Users\\Astegic\\AppData\\Lo...}, goog:chromeOptions: {debuggerAddress: localhost:64945}, javascriptEnabled: true, networkConnectionEnabled: false, pageLoadStrategy: normal, platform: WINDOWS, platformName: WINDOWS, proxy: Proxy(), setWindowRect: true, strictFileInteractability: false, timeouts: {implicit: 0, pageLoad: 300000, script: 30000}, unhandledPromptBehavior: dismiss and notify, webauthn:extension:credBlob: true, webauthn:extension:largeBlob: true, webauthn:virtualAuthenticators: true}\nSession ID: 127e0008b093240d0d2d57d4a2171ce9","trace":"org.openqa.selenium.ElementClickInterceptedException: element click intercepted: Element <span _ngcontent-sgb-c150=\"\" dropdowntoggle=\"\" class=\"welcome-anchor-color text-decoration-none\" aria-haspopup=\"true\" aria-expanded=\"false\">...</span> is not clickable at point (1426, 37). Other element would receive the click: <modal-container role=\"dialog\" tabindex=\"-1\" class=\"modal fade show\" style=\"display: block;\" aria-modal=\"true\">...</modal-container>\n  (Session info: chrome=110.0.5481.96)\nBuild info: version: '3.141.59', revision: 'e82be7d358', time: '2018-11-14T08:17:03'\nSystem info: host: 'YOGESH', ip: '172.16.17.18', os.name: 'Windows 11', os.arch: 'amd64', os.version: '10.0', java.version: '18.0.1.1'\nDriver info: org.openqa.selenium.chrome.ChromeDriver\nCapabilities {acceptInsecureCerts: false, browserName: chrome, browserVersion: 110.0.5481.96, chrome: {chromedriverVersion: 110.0.5481.77 (65ed616c6e8e..., userDataDir: C:\\Users\\Astegic\\AppData\\Lo...}, goog:chromeOptions: {debuggerAddress: localhost:64945}, javascriptEnabled: true, networkConnectionEnabled: false, pageLoadStrategy: normal, platform: WINDOWS, platformName: WINDOWS, proxy: Proxy(), setWindowRect: true, strictFileInteractability: false, timeouts: {implicit: 0, pageLoad: 300000, script: 30000}, unhandledPromptBehavior: dismiss and notify, webauthn:extension:credBlob: true, webauthn:extension:largeBlob: true, webauthn:virtualAuthenticators: true}\nSession ID: 127e0008b093240d0d2d57d4a2171ce9\r\n\tat java.base/jdk.internal.reflect.DirectConstructorHandleAccessor.newInstance(DirectConstructorHandleAccessor.java:67)\r\n\tat java.base/java.lang.reflect.Constructor.newInstanceWithCaller(Constructor.java:499)\r\n\tat java.base/java.lang.reflect.Constructor.newInstance(Constructor.java:483)\r\n\tat org.openqa.selenium.remote.http.W3CHttpResponseCodec.createException(W3CHttpResponseCodec.java:187)\r\n\tat org.openqa.selenium.remote.http.W3CHttpResponseCodec.decode(W3CHttpResponseCodec.java:122)\r\n\tat org.openqa.selenium.remote.http.W3CHttpResponseCodec.decode(W3CHttpResponseCodec.java:49)\r\n\tat org.openqa.selenium.remote.HttpCommandExecutor.execute(HttpCommandExecutor.java:158)\r\n\tat org.openqa.selenium.remote.service.DriverCommandExecutor.execute(DriverCommandExecutor.java:83)\r\n\tat org.openqa.selenium.remote.RemoteWebDriver.execute(RemoteWebDriver.java:552)\r\n\tat org.openqa.selenium.remote.RemoteWebElement.execute(RemoteWebElement.java:285)\r\n\tat org.openqa.selenium.remote.RemoteWebElement.click(RemoteWebElement.java:84)\r\n\tat java.base/jdk.internal.reflect.DirectMethodHandleAccessor.invoke(DirectMethodHandleAccessor.java:104)\r\n\tat java.base/java.lang.reflect.Method.invoke(Method.java:577)\r\n\tat org.openqa.selenium.support.pagefactory.internal.LocatingElementHandler.invoke(LocatingElementHandler.java:51)\r\n\tat jdk.proxy2/jdk.proxy2.$Proxy26.click(Unknown Source)\r\n\tat org.base.Global.clickButton(Global.java:67)\r\n\tat org.stepdefinition.Steps.I_click_welcome_Logout(Steps.java:5060)\r\n\tat ✽.Click On Setting Options(file:TC_14_Search_By_Revenue.feature:25)\r\n"},"stage":"finished","steps":[],"attachments":[],"parameters":[],"start":1676619576995,"stop":1676619583062},{"name":"Then  Click On Logout Options","status":"skipped","statusDetails":{"known":false,"muted":false,"flaky":false},"stage":"finished","steps":[],"attachments":[],"parameters":[],"start":1676619583062,"stop":1676619583062}],"attachments":[],"parameters":[],"start":1676619576995,"stop":1676619583213}