<?xml version="1.0" encoding="UTF-8"?>
<testng-results ignored="0" total="6" passed="6" failed="0" skipped="0">
  <reporter-output>
  </reporter-output>
  <suite started-at="2023-03-21T05:42:08Z" name="Default suite" finished-at="2023-03-21T05:49:13Z" duration-ms="424306">
    <groups>
      <group name="cucumber">
        <method signature="AbstractTestNGCucumberTests.runScenario(io.cucumber.testng.PickleEventWrapper, io.cucumber.testng.CucumberFeatureWrapper)[pri:0, instance:org.runner.Runner@401f7633]" name="runScenario" class="io.cucumber.testng.AbstractTestNGCucumberTests"/>
      </group> <!-- cucumber -->
    </groups>
    <test started-at="2023-03-21T05:42:08Z" name="Default test" finished-at="2023-03-21T05:49:13Z" duration-ms="424306">
      <class name="org.runner.Runner">
        <test-method is-config="true" signature="setUpClass()[pri:0, instance:org.runner.Runner@401f7633]" started-at="2023-03-21T05:42:08Z" name="setUpClass" finished-at="2023-03-21T05:42:09Z" duration-ms="594" status="PASS">
          <reporter-output>
          </reporter-output>
        </test-method> <!-- setUpClass -->
        <test-method signature="runScenario(io.cucumber.testng.PickleEventWrapper, io.cucumber.testng.CucumberFeatureWrapper)[pri:0, instance:org.runner.Runner@401f7633]" started-at="2023-03-21T05:42:09Z" name="runScenario" description="Runs Cucumber Scenarios" data-provider="scenarios" finished-at="2023-03-21T05:42:21Z" duration-ms="11669" status="PASS">
          <params>
            <param index="0">
              <value>
                <![CDATA["To validate SalesIntel application Launching application"]]>
              </value>
            </param>
            <param index="1">
              <value>
                <![CDATA["To validate Credit Deduction"]]>
              </value>
            </param>
          </params>
          <reporter-output>
          </reporter-output>
        </test-method> <!-- runScenario -->
        <test-method signature="runScenario(io.cucumber.testng.PickleEventWrapper, io.cucumber.testng.CucumberFeatureWrapper)[pri:0, instance:org.runner.Runner@401f7633]" started-at="2023-03-21T05:42:21Z" name="runScenario" description="Runs Cucumber Scenarios" data-provider="scenarios" finished-at="2023-03-21T05:42:33Z" duration-ms="12316" status="PASS">
          <params>
            <param index="0">
              <value>
                <![CDATA["To validate SalesIntel application Valid User Username and Valid Password"]]>
              </value>
            </param>
            <param index="1">
              <value>
                <![CDATA["To validate Credit Deduction"]]>
              </value>
            </param>
          </params>
          <reporter-output>
          </reporter-output>
        </test-method> <!-- runScenario -->
        <test-method signature="runScenario(io.cucumber.testng.PickleEventWrapper, io.cucumber.testng.CucumberFeatureWrapper)[pri:0, instance:org.runner.Runner@401f7633]" started-at="2023-03-21T05:42:33Z" name="runScenario" description="Runs Cucumber Scenarios" data-provider="scenarios" finished-at="2023-03-21T05:48:54Z" duration-ms="380755" status="PASS">
          <params>
            <param index="0">
              <value>
                <![CDATA["To validate Credit Deduction for contact Reveal"]]>
              </value>
            </param>
            <param index="1">
              <value>
                <![CDATA["To validate Credit Deduction"]]>
              </value>
            </param>
          </params>
          <reporter-output>
          </reporter-output>
        </test-method> <!-- runScenario -->
        <test-method signature="runScenario(io.cucumber.testng.PickleEventWrapper, io.cucumber.testng.CucumberFeatureWrapper)[pri:0, instance:org.runner.Runner@401f7633]" started-at="2023-03-21T05:48:54Z" name="runScenario" description="Runs Cucumber Scenarios" data-provider="scenarios" finished-at="2023-03-21T05:48:59Z" duration-ms="4670" status="PASS">
          <params>
            <param index="0">
              <value>
                <![CDATA["To validate Credit Deduction for Monthly license credits contact Reveal"]]>
              </value>
            </param>
            <param index="1">
              <value>
                <![CDATA["To validate Credit Deduction"]]>
              </value>
            </param>
          </params>
          <reporter-output>
          </reporter-output>
        </test-method> <!-- runScenario -->
        <test-method signature="runScenario(io.cucumber.testng.PickleEventWrapper, io.cucumber.testng.CucumberFeatureWrapper)[pri:0, instance:org.runner.Runner@401f7633]" started-at="2023-03-21T05:48:59Z" name="runScenario" description="Runs Cucumber Scenarios" data-provider="scenarios" finished-at="2023-03-21T05:49:03Z" duration-ms="4633" status="PASS">
          <params>
            <param index="0">
              <value>
                <![CDATA["To validate Credit Deduction for Share Credits contact Reveal"]]>
              </value>
            </param>
            <param index="1">
              <value>
                <![CDATA["To validate Credit Deduction"]]>
              </value>
            </param>
          </params>
          <reporter-output>
          </reporter-output>
        </test-method> <!-- runScenario -->
        <test-method signature="runScenario(io.cucumber.testng.PickleEventWrapper, io.cucumber.testng.CucumberFeatureWrapper)[pri:0, instance:org.runner.Runner@401f7633]" started-at="2023-03-21T05:49:03Z" name="runScenario" description="Runs Cucumber Scenarios" data-provider="scenarios" finished-at="2023-03-21T05:49:12Z" duration-ms="8633" status="PASS">
          <params>
            <param index="0">
              <value>
                <![CDATA["Logout the application"]]>
              </value>
            </param>
            <param index="1">
              <value>
                <![CDATA["To validate Credit Deduction"]]>
              </value>
            </param>
          </params>
          <reporter-output>
          </reporter-output>
        </test-method> <!-- runScenario -->
        <test-method is-config="true" signature="tearDownClass()[pri:0, instance:org.runner.Runner@401f7633]" started-at="2023-03-21T05:49:12Z" name="tearDownClass" finished-at="2023-03-21T05:49:13Z" duration-ms="855" status="PASS">
          <reporter-output>
          </reporter-output>
        </test-method> <!-- tearDownClass -->
        <test-method is-config="true" signature="cucumberReportGenerate()[pri:0, instance:org.runner.Runner@401f7633]" started-at="2023-03-21T05:49:13Z" name="cucumberReportGenerate" finished-at="2023-03-21T05:49:14Z" duration-ms="1803" status="PASS">
          <reporter-output>
          </reporter-output>
        </test-method> <!-- cucumberReportGenerate -->
      </class> <!-- org.runner.Runner -->
    </test> <!-- Default test -->
  </suite> <!-- Default suite -->
</testng-results>
